<!-- * X_LZ_COPYRIGHT_BEGIN ***************************************************
* Copyright 2001-2004 Laszlo Systems, Inc.  All Rights Reserved.              *
* Use is subject to license terms.                                            *
* X_LZ_COPYRIGHT_END ****************************************************** -->
<data>
  <industry code="foo" name="bar">
    <company name="AA" oneday="2.071" cap="275.46B" p2e="41.857"  roe="-1.468" divperc="1.736"  d2e="0.208"  p2b="2.868"  rqya="4.246" eqya="-2.211"/>
    <company name="AB" oneday="0.000" cap="3.68M" p2e="NA"  roe="-69.294" divperc="NA"  d2e="0.287"  p2b="0.354"  rqya="62.488" eqya="NA"/>
    <company name="AC" oneday="3.659" cap="3.97M" p2e="NA"  roe="-49.113" divperc="NA"  d2e="0.035"  p2b="0.626"  rqya="-7.032" eqya="NA"/>
    <company name="AD" oneday="-1.818" cap="30.20M" p2e="NA"  roe="-75.364" divperc="NA"  d2e="0.000"  p2b="0.719"  rqya="-23.474" eqya="NA"/>
    <company name="AE" oneday="6.897" cap="987.73M" p2e="NA"  roe="-54.684" divperc="NA"  d2e="0.016"  p2b="0.899"  rqya="-57.059" eqya="NA"/>
    <company name="AF" oneday="0.000" cap="6.99M" p2e="4.575"  roe="NA" divperc="NA"  d2e="0.364"  p2b="NA"  rqya="-9.588" eqya="-27.027"/>
    <company name="AG" oneday="0.271" cap="837.54M" p2e="51.535"  roe="3.787" divperc="NA"  d2e="0.117"  p2b="1.972"  rqya="-7.677" eqya="-29.688"/>
    <company name="AH" oneday="7.834" cap="1.17B" p2e="150.968"  roe="0.977" divperc="NA"  d2e="0.000"  p2b="1.314"  rqya="8.411" eqya="-39.459"/>
    <company name="AI" oneday="-5.479" cap="16.44M" p2e="NA"  roe="-149.627" divperc="NA"  d2e="0.025"  p2b="2.010"  rqya="282.291" eqya="NA"/>
    <company name="AJ" oneday="5.455" cap="20.57M" p2e="NA"  roe="-31.839" divperc="NA"  d2e="0.029"  p2b="0.233"  rqya="-69.332" eqya="NA"/>
    <company name="AK" oneday="-7.176" cap="5.01B" p2e="NA"  roe="-44.117" divperc="NA"  d2e="0.883"  p2b="0.674"  rqya="-37.417" eqya="NA"/>
    <company name="AL" oneday="0.000" cap="157.71M" p2e="NA"  roe="-2.767" divperc="NA"  d2e="0.324"  p2b="0.585"  rqya="-12.602" eqya="NA"/>
    <company name="AM" oneday="4.651" cap="6.07M" p2e="NA"  roe="-51.549" divperc="NA"  d2e="0.000"  p2b="0.413"  rqya="2.559" eqya="NA"/>
    <company name="AN" oneday="-8.333" cap="13.95M" p2e="110.000"  roe="5.994" divperc="NA"  d2e="1.325"  p2b="2.152"  rqya="141.903" eqya="NA"/>
    <company name="AO" oneday="0.304" cap="47.34M" p2e="NA"  roe="-340.352" divperc="NA"  d2e="1.173"  p2b="45.534"  rqya="55.629" eqya="NA"/>
    <company name="AP" oneday="-33.333" cap="0.63M" p2e="NA"  roe="-35.740" divperc="NA"  d2e="0.568"  p2b="0.305"  rqya="-28.155" eqya="NA"/>
    <company name="AQ" oneday="12.500" cap="5.63M" p2e="NA"  roe="NA" divperc="NA"  d2e="NA"  p2b="NA"  rqya="-9.661" eqya="NA"/>
    <company name="AR" oneday="2.258" cap="183.04M" p2e="47.661"  roe="1.965" divperc="NA"  d2e="0.000"  p2b="0.873"  rqya="36.975" eqya="66.667"/>
    <company name="AS" oneday="14.248" cap="841.54M" p2e="143.000"  roe="0.313" divperc="NA"  d2e="0.128"  p2b="0.934"  rqya="-6.380" eqya="NA"/>
    <company name="AT" oneday="18.421" cap="124.88M" p2e="NA"  roe="-344.325" divperc="NA"  d2e="3.297"  p2b="4.700"  rqya="-35.201" eqya="NA"/>
    <company name="AU" oneday="0.000" cap="87.38M" p2e="25.043"  roe="5.585" divperc="NA"  d2e="0.000"  p2b="1.363"  rqya="18.258" eqya="NA"/>
    <company name="AV" oneday="-3.012" cap="83.06M" p2e="8.895"  roe="2.963" divperc="3.168"  d2e="0.154"  p2b="0.263"  rqya="4.443" eqya="-80.224"/>
    <company name="AW" oneday="0.000" cap="15.33M" p2e="NA"  roe="-8.271" divperc="NA"  d2e="0.254"  p2b="1.000"  rqya="-0.213" eqya="NA"/>
    <company name="AX" oneday="3.906" cap="219.10M" p2e="NA"  roe="-46.996" divperc="NA"  d2e="0.249"  p2b="0.539"  rqya="9.565" eqya="NA"/>
    <company name="AY" oneday="10.000" cap="0.39M" p2e="NA"  roe="NA" divperc="NA"  d2e="NA"  p2b="NA"  rqya="-73.968" eqya="NA"/>
    <company name="AZ" oneday="0.000" cap="66.41M" p2e="NA"  roe="-17.535" divperc="NA"  d2e="0.000"  p2b="0.539"  rqya="-42.810" eqya="NA"/>
    <company name="BA" oneday="-4.789" cap="198.61M" p2e="NA"  roe="-0.435" divperc="NA"  d2e="0.101"  p2b="0.576"  rqya="-7.178" eqya="77.778"/>
    <company name="BB" oneday="-5.714" cap="45.99M" p2e="NA"  roe="-34.716" divperc="NA"  d2e="0.088"  p2b="0.232"  rqya="-55.945" eqya="NA"/>
    <company name="BC" oneday="1.974" cap="561.01M" p2e="NA"  roe="-79.221" divperc="NA"  d2e="0.900"  p2b="0.553"  rqya="-28.880" eqya="NA"/>
    <company name="BD" oneday="-1.449" cap="34.29M" p2e="NA"  roe="-48.419" divperc="NA"  d2e="0.010"  p2b="0.207"  rqya="-58.598" eqya="NA"/>
    <company name="BE" oneday="-0.655" cap="51.61M" p2e="NA"  roe="-12.243" divperc="NA"  d2e="0.000"  p2b="0.721"  rqya="-0.124" eqya="NA"/>
    <company name="BF" oneday="0.000" cap="9.21M" p2e="8.462"  roe="3.065" divperc="NA"  d2e="0.475"  p2b="0.277"  rqya="-11.724" eqya="-93.846"/>
    <company name="BG" oneday="-8.800" cap="163.99M" p2e="NA"  roe="-48.982" divperc="NA"  d2e="0.000"  p2b="0.488"  rqya="-51.890" eqya="NA"/>
    <company name="BH" oneday="-7.098" cap="16.65M" p2e="NA"  roe="-45.451" divperc="NA"  d2e="1.152"  p2b="0.170"  rqya="-4.419" eqya="NA"/>
    <company name="BI" oneday="4.585" cap="58.65M" p2e="NA"  roe="-7.685" divperc="NA"  d2e="0.000"  p2b="0.767"  rqya="7.535" eqya="NA"/>
    <company name="BJ" oneday="-0.709" cap="152.69M" p2e="NA"  roe="-20.376" divperc="NA"  d2e="0.009"  p2b="0.722"  rqya="-14.205" eqya="NA"/>
    <company name="BK" oneday="-2.822" cap="244.86M" p2e="70.641"  roe="1.040" divperc="NA"  d2e="0.317"  p2b="0.684"  rqya="-13.087" eqya="NA"/>
    <company name="BL" oneday="-0.798" cap="54.91M" p2e="9.638"  roe="13.623" divperc="NA"  d2e="0.298"  p2b="1.020"  rqya="11.649" eqya="269.697"/>
    <company name="BM" oneday="7.143" cap="13.00M" p2e="NA"  roe="-44.042" divperc="NA"  d2e="0.000"  p2b="0.146"  rqya="-49.596" eqya="NA"/>
    <company name="BN" oneday="3.133" cap="154.69M" p2e="13.795"  roe="17.102" divperc="NA"  d2e="0.000"  p2b="2.114"  rqya="-15.787" eqya="-23.077"/>
    <company name="BO" oneday="0.000" cap="85.25M" p2e="NA"  roe="-13.728" divperc="NA"  d2e="0.069"  p2b="0.708"  rqya="2.333" eqya="NA"/>
    <company name="BP" oneday="1.412" cap="45.32M" p2e="NA"  roe="-0.078" divperc="NA"  d2e="0.744"  p2b="0.228"  rqya="-14.337" eqya="NA"/>
    <company name="BQ" oneday="-12.500" cap="0.57M" p2e="NA"  roe="-0.838" divperc="NA"  d2e="NA"  p2b="NA"  rqya="NA" eqya="NA"/>
    <company name="BR" oneday="-2.618" cap="64.86M" p2e="NA"  roe="-19.719" divperc="NA"  d2e="0.000"  p2b="0.598"  rqya="-25.788" eqya="NA"/>
    <company name="BS" oneday="8.824" cap="24.85M" p2e="NA"  roe="-56.056" divperc="NA"  d2e="0.000"  p2b="0.458"  rqya="-31.738" eqya="NA"/>
    <company name="BT" oneday="-0.169" cap="58.56M" p2e="NA"  roe="-53.775" divperc="NA"  d2e="0.470"  p2b="1.485"  rqya="0.237" eqya="130.769"/>
    <company name="BU" oneday="13.584" cap="1.37B" p2e="NA"  roe="-111.803" divperc="NA"  d2e="0.401"  p2b="0.602"  rqya="-89.079" eqya="NA"/>
    <company name="BV" oneday="24.242" cap="3.04M" p2e="NA"  roe="-270.268" divperc="NA"  d2e="18.271"  p2b="5.682"  rqya="-31.161" eqya="NA"/>
    <company name="BW" oneday="2.466" cap="81.75B" p2e="44.348"  roe="6.771" divperc="NA"  d2e="0.000"  p2b="2.859"  rqya="12.355" eqya="10300.000"/>
    <company name="BX" oneday="0.000" cap="41.76M" p2e="5.089"  roe="16.321" divperc="NA"  d2e="0.001"  p2b="0.584"  rqya="55.504" eqya="26.257"/>
    <company name="BY" oneday="1.783" cap="40.32M" p2e="10.145"  roe="7.536" divperc="NA"  d2e="0.072"  p2b="0.732"  rqya="5.150" eqya="63.793"/>
    <company name="BZ" oneday="-5.625" cap="8.18M" p2e="NA"  roe="-13.676" divperc="NA"  d2e="0.002"  p2b="0.367"  rqya="-42.613" eqya="NA"/>
    <company name="CA" oneday="7.143" cap="4.25M" p2e="NA"  roe="-179.499" divperc="NA"  d2e="5.112"  p2b="0.878"  rqya="-57.752" eqya="NA"/>
    <company name="CB" oneday="0.677" cap="459.52M" p2e="NA"  roe="-7.563" divperc="NA"  d2e="0.348"  p2b="0.822"  rqya="-22.454" eqya="NA"/>
    <company name="CC" oneday="0.160" cap="51.82M" p2e="NA"  roe="-0.535" divperc="NA"  d2e="0.104"  p2b="0.772"  rqya="5.813" eqya="NA"/>
    <company name="CD" oneday="3.380" cap="55.12M" p2e="51.329"  roe="1.724" divperc="NA"  d2e="0.461"  p2b="0.819"  rqya="-6.939" eqya="NA"/>
    <company name="CE" oneday="1.665" cap="1.49B" p2e="NA"  roe="-4.397" divperc="NA"  d2e="0.263"  p2b="0.898"  rqya="-47.489" eqya="-86.364"/>
    <company name="CF" oneday="7.092" cap="71.75M" p2e="NA"  roe="-4.333" divperc="NA"  d2e="0.020"  p2b="1.130"  rqya="15.351" eqya="NA"/>
    <company name="CG" oneday="-0.743" cap="21.63M" p2e="NA"  roe="-79.329" divperc="NA"  d2e="0.105"  p2b="0.445"  rqya="-59.680" eqya="NA"/>
    <company name="CH" oneday="-2.424" cap="1.53B" p2e="NA"  roe="-24.053" divperc="NA"  d2e="0.856"  p2b="0.294"  rqya="-52.034" eqya="NA"/>
    <company name="CI" oneday="1.754" cap="238.66M" p2e="NA"  roe="-64.457" divperc="NA"  d2e="0.010"  p2b="0.286"  rqya="-95.348" eqya="NA"/>
    <company name="CJ" oneday="0.346" cap="29.45M" p2e="NA"  roe="-71.901" divperc="NA"  d2e="0.055"  p2b="0.238"  rqya="-14.887" eqya="NA"/>
    <company name="CK" oneday="-4.762" cap="4.26M" p2e="NA"  roe="-607.516" divperc="NA"  d2e="NA"  p2b="NA"  rqya="NA" eqya="NA"/>
    <company name="CL" oneday="10.000" cap="1.76M" p2e="NA"  roe="NA" divperc="NA"  d2e="NA"  p2b="NA"  rqya="-31.023" eqya="NA"/>
    <company name="CM" oneday="1.754" cap="76.64M" p2e="NA"  roe="-49.082" divperc="NA"  d2e="0.023"  p2b="0.624"  rqya="9.079" eqya="NA"/>
    <company name="CN" oneday="-4.432" cap="26.38M" p2e="NA"  roe="-48.123" divperc="NA"  d2e="0.197"  p2b="0.464"  rqya="-87.792" eqya="NA"/>
    <company name="CO" oneday="-2.128" cap="8.52M" p2e="NA"  roe="-10.175" divperc="NA"  d2e="2.669"  p2b="1.595"  rqya="46.818" eqya="64.583"/>
    <company name="CP" oneday="16.667" cap="0.45M" p2e="NA"  roe="NA" divperc="NA"  d2e="NA"  p2b="NA"  rqya="-67.905" eqya="NA"/>
    <company name="CQ" oneday="-0.345" cap="17.08M" p2e="NA"  roe="-29.491" divperc="NA"  d2e="3.913"  p2b="2.333"  rqya="26.728" eqya="11.009"/>
    <company name="CR" oneday="2.564" cap="48.55M" p2e="NA"  roe="-41.957" divperc="NA"  d2e="0.000"  p2b="0.346"  rqya="-28.568" eqya="NA"/>
    <company name="CS" oneday="0.249" cap="435.70M" p2e="33.500"  roe="4.760" divperc="NA"  d2e="0.000"  p2b="1.549"  rqya="25.890" eqya="17.409"/>
    <company name="CT" oneday="3.053" cap="126.17M" p2e="NA"  roe="-18.607" divperc="NA"  d2e="0.345"  p2b="0.194"  rqya="-29.318" eqya="NA"/>
    <company name="CU" oneday="0.000" cap="12.65M" p2e="6.606"  roe="6.274" divperc="NA"  d2e="0.000"  p2b="0.400"  rqya="-10.750" eqya="NA"/>
    <company name="CV" oneday="-0.750" cap="14.17M" p2e="NA"  roe="-41.141" divperc="NA"  d2e="0.320"  p2b="1.281"  rqya="-47.194" eqya="NA"/>
    <company name="CW" oneday="9.375" cap="1.78M" p2e="9.459"  roe="9.130" divperc="NA"  d2e="0.000"  p2b="0.728"  rqya="143.602" eqya="NA"/>
    <company name="CX" oneday="0.000" cap="0.48M" p2e="NA"  roe="-17.882" divperc="NA"  d2e="0.000"  p2b="0.162"  rqya="-20.783" eqya="NA"/>
    <company name="CY" oneday="0.000" cap="1.07M" p2e="NA"  roe="-118.730" divperc="NA"  d2e="0.952"  p2b="0.541"  rqya="-24.673" eqya="NA"/>
    <company name="CZ" oneday="-1.418" cap="147.77M" p2e="26.177"  roe="4.228" divperc="NA"  d2e="0.431"  p2b="1.039"  rqya="11.135" eqya="21.579"/>
    <company name="DA" oneday="5.000" cap="7.50M" p2e="NA"  roe="-50.977" divperc="NA"  d2e="0.071"  p2b="0.122"  rqya="-19.905" eqya="NA"/>
    <company name="DB" oneday="0.000" cap="1.42M" p2e="NA"  roe="-81.174" divperc="NA"  d2e="0.196"  p2b="0.371"  rqya="-18.042" eqya="NA"/>
    <company name="DC" oneday="-13.793" cap="3.01M" p2e="NA"  roe="-26.408" divperc="NA"  d2e="0.117"  p2b="0.276"  rqya="-25.425" eqya="NA"/>
    <company name="DD" oneday="-3.226" cap="3.23M" p2e="NA"  roe="-50.880" divperc="NA"  d2e="0.356"  p2b="0.766"  rqya="16.590" eqya="NA"/>
    <company name="DE" oneday="3.960" cap="484.55M" p2e="NA"  roe="-34.842" divperc="NA"  d2e="0.515"  p2b="1.236"  rqya="-7.129" eqya="NA"/>
    <company name="DF" oneday="0.000" cap="0.07M" p2e="NA"  roe="-699.979" divperc="NA"  d2e="NA"  p2b="NA"  rqya="-48.454" eqya="NA"/>
    <company name="DG" oneday="4.348" cap="16.30M" p2e="NA"  roe="-40.979" divperc="NA"  d2e="1.727"  p2b="0.531"  rqya="-64.718" eqya="NA"/>
    <company name="DH" oneday="6.557" cap="131.01M" p2e="NA"  roe="-23.200" divperc="NA"  d2e="0.253"  p2b="0.327"  rqya="37.504" eqya="NA"/>
    <company name="DI" oneday="-6.667" cap="27.13M" p2e="NA"  roe="-330.014" divperc="NA"  d2e="0.353"  p2b="5.883"  rqya="528.704" eqya="NA"/>
    <company name="DJ" oneday="-3.279" cap="781.51M" p2e="NA"  roe="-1.009" divperc="NA"  d2e="0.000"  p2b="2.102"  rqya="-15.311" eqya="-45.000"/>
    <company name="DK" oneday="0.000" cap="1.31M" p2e="NA"  roe="NA" divperc="0.000"  d2e="NA"  p2b="NA"  rqya="-43.750" eqya="NA"/>
    <company name="DL" oneday="0.000" cap="0.26M" p2e="NA"  roe="NA" divperc="NA"  d2e="NA"  p2b="NA"  rqya="-43.750" eqya="NA"/>
    <company name="DM" oneday="-2.087" cap="1.97B" p2e="17.715"  roe="24.138" divperc="NA"  d2e="0.038"  p2b="3.735"  rqya="18.531" eqya="-11.869"/>
    <company name="DN" oneday="-7.937" cap="13.55M" p2e="NA"  roe="-127.906" divperc="NA"  d2e="3.976"  p2b="0.105"  rqya="-56.387" eqya="NA"/>
    <company name="DO" oneday="0.000" cap="52.99M" p2e="NA"  roe="-2.701" divperc="NA"  d2e="0.000"  p2b="0.478"  rqya="-31.685" eqya="NA"/>
    <company name="DP" oneday="-1.583" cap="46.94M" p2e="NA"  roe="-22.148" divperc="NA"  d2e="0.151"  p2b="0.700"  rqya="-23.534" eqya="NA"/>
    <company name="DQ" oneday="-90.000" cap="0.18M" p2e="NA"  roe="NA" divperc="NA"  d2e="NA"  p2b="NA"  rqya="20.539" eqya="NA"/>
    <company name="DR" oneday="-1.600" cap="73.27M" p2e="NA"  roe="-73.898" divperc="NA"  d2e="0.027"  p2b="0.650"  rqya="14.148" eqya="NA"/>
    <company name="DS" oneday="0.742" cap="1.80B" p2e="21.145"  roe="7.546" divperc="1.179"  d2e="0.362"  p2b="1.561"  rqya="1.534" eqya="15.444"/>
    <company name="DT" oneday="0.000" cap="27.54M" p2e="NA"  roe="-34.517" divperc="NA"  d2e="0.000"  p2b="2.333"  rqya="759.854" eqya="NA"/>
    <company name="DU" oneday="50.000" cap="0.17M" p2e="NA"  roe="NA" divperc="NA"  d2e="NA"  p2b="NA"  rqya="NA" eqya="NA"/>
    <company name="DV" oneday="-5.893" cap="239.63M" p2e="32.548"  roe="3.912" divperc="NA"  d2e="0.000"  p2b="1.238"  rqya="9.218" eqya="NA"/>
    <company name="DW" oneday="-1.042" cap="235.72M" p2e="NA"  roe="-10.172" divperc="NA"  d2e="0.006"  p2b="1.209"  rqya="-3.871" eqya="NA"/>
    <company name="DX" oneday="2.069" cap="63.09M" p2e="NA"  roe="-25.600" divperc="NA"  d2e="0.020"  p2b="0.565"  rqya="-71.346" eqya="NA"/>
    <company name="DY" oneday="6.624" cap="607.21M" p2e="17.509"  roe="27.071" divperc="0.481"  d2e="0.000"  p2b="4.037"  rqya="3.399" eqya="63.842"/>
    <company name="DZ" oneday="-3.581" cap="584.56M" p2e="NA"  roe="-18.762" divperc="NA"  d2e="0.035"  p2b="8.755"  rqya="68.187" eqya="NA"/>
    <company name="EA" oneday="-6.494" cap="49.07M" p2e="NA"  roe="-88.218" divperc="NA"  d2e="0.581"  p2b="1.224"  rqya="-44.777" eqya="NA"/>
    <company name="EB" oneday="0.000" cap="12.79M" p2e="NA"  roe="-94.249" divperc="NA"  d2e="0.051"  p2b="0.424"  rqya="38.479" eqya="NA"/>
    <company name="EC" oneday="-1.946" cap="416.15M" p2e="32.382"  roe="12.604" divperc="NA"  d2e="0.035"  p2b="2.649"  rqya="20.051" eqya="32.212"/>
    <company name="ED" oneday="0.441" cap="3.22B" p2e="NA"  roe="-129.283" divperc="NA"  d2e="0.003"  p2b="1.264"  rqya="-63.118" eqya="NA"/>
    <company name="EE" oneday="1.594" cap="1.89B" p2e="NA"  roe="-12.877" divperc="NA"  d2e="0.666"  p2b="1.335"  rqya="-24.629" eqya="NA"/>
    <company name="EF" oneday="-0.663" cap="82.61M" p2e="NA"  roe="-11.539" divperc="NA"  d2e="0.112"  p2b="3.362"  rqya="56.632" eqya="NA"/>
    <company name="EG" oneday="0.880" cap="4.42B" p2e="23.589"  roe="12.333" divperc="NA"  d2e="0.906"  p2b="2.109"  rqya="70.440" eqya="51.961"/>
    <company name="EH" oneday="0.000" cap="134.32M" p2e="NA"  roe="-11.413" divperc="NA"  d2e="0.000"  p2b="0.812"  rqya="-4.044" eqya="NA"/>
    <company name="EI" oneday="0.097" cap="133.21M" p2e="18.780"  roe="13.761" divperc="NA"  d2e="0.003"  p2b="2.321"  rqya="2.982" eqya="5.611"/>
    <company name="EJ" oneday="0.870" cap="5.61B" p2e="NA"  roe="-32.800" divperc="NA"  d2e="0.816"  p2b="0.797"  rqya="-33.909" eqya="NA"/>
    <company name="EK" oneday="0.000" cap="1.28M" p2e="NA"  roe="-35.685" divperc="NA"  d2e="0.000"  p2b="0.015"  rqya="-77.340" eqya="NA"/>
    <company name="EL" oneday="-1.370" cap="2.47B" p2e="NA"  roe="-157.247" divperc="NA"  d2e="3.707"  p2b="2.686"  rqya="-49.898" eqya="NA"/>
    <company name="EM" oneday="10.000" cap="76.80M" p2e="NA"  roe="-179.938" divperc="NA"  d2e="NA"  p2b="NA"  rqya="-19.083" eqya="NA"/>
    <company name="EN" oneday="5.008" cap="737.15M" p2e="NA"  roe="-5.316" divperc="NA"  d2e="0.010"  p2b="1.614"  rqya="-6.535" eqya="NA"/>
    <company name="EO" oneday="4.396" cap="19.38M" p2e="NA"  roe="-25.565" divperc="NA"  d2e="0.000"  p2b="0.402"  rqya="32.560" eqya="NA"/>
    <company name="EP" oneday="0.000" cap="1.91M" p2e="NA"  roe="NA" divperc="NA"  d2e="NA"  p2b="NA"  rqya="74.699" eqya="NA"/>
    <company name="EQ" oneday="0.000" cap="3.93M" p2e="NA"  roe="-7.120" divperc="NA"  d2e="0.002"  p2b="0.283"  rqya="-16.224" eqya="NA"/>
    <company name="ER" oneday="-8.280" cap="39.23M" p2e="17.490"  roe="27.362" divperc="NA"  d2e="0.010"  p2b="2.059"  rqya="11.161" eqya="107.407"/>
    <company name="ES" oneday="0.000" cap="18.81M" p2e="NA"  roe="0.025" divperc="NA"  d2e="0.151"  p2b="0.693"  rqya="-4.493" eqya="NA"/>
    <company name="ET" oneday="71.429" cap="12.40M" p2e="NA"  roe="-120.199" divperc="NA"  d2e="0.047"  p2b="0.390"  rqya="-51.015" eqya="NA"/>
    <company name="EU" oneday="0.000" cap="0.35M" p2e="NA"  roe="NA" divperc="NA"  d2e="NA"  p2b="NA"  rqya="-7.263" eqya="NA"/>
    <company name="EV" oneday="0.000" cap="13.87M" p2e="28.649"  roe="7.211" divperc="NA"  d2e="0.238"  p2b="1.749"  rqya="38.373" eqya="52.174"/>
    <company name="EW" oneday="4.225" cap="18.71B" p2e="NA"  roe="-30.750" divperc="1.966"  d2e="0.787"  p2b="1.652"  rqya="-13.812" eqya="NA"/>
    <company name="EX" oneday="4.000" cap="15.81M" p2e="NA"  roe="-1700.847" divperc="NA"  d2e="NA"  p2b="NA"  rqya="35.256" eqya="NA"/>
    <company name="EY" oneday="6.250" cap="37.05M" p2e="NA"  roe="NA" divperc="NA"  d2e="NA"  p2b="NA"  rqya="-30.339" eqya="NA"/>
    <company name="EZ" oneday="-2.589" cap="380.69M" p2e="7.962"  roe="23.064" divperc="NA"  d2e="0.000"  p2b="1.629"  rqya="20.067" eqya="NA"/>
    <company name="FA" oneday="-6.077" cap="103.96M" p2e="NA"  roe="-29.410" divperc="NA"  d2e="0.002"  p2b="0.440"  rqya="-41.817" eqya="NA"/>
    <company name="FB" oneday="2.617" cap="932.04M" p2e="NA"  roe="-41.774" divperc="NA"  d2e="0.017"  p2b="4.199"  rqya="58.288" eqya="NA"/>
    <company name="FC" oneday="3.774" cap="211.32M" p2e="NA"  roe="-36.468" divperc="NA"  d2e="0.000"  p2b="0.560"  rqya="-65.800" eqya="NA"/>
    <company name="FD" oneday="4.082" cap="24.70M" p2e="NA"  roe="-1123.271" divperc="NA"  d2e="2.035"  p2b="32.856"  rqya="NA" eqya="NA"/>
    <company name="FE" oneday="-4.167" cap="59.59M" p2e="NA"  roe="-2594.767" divperc="NA"  d2e="NA"  p2b="NA"  rqya="-47.411" eqya="NA"/>
    <company name="FF" oneday="3.390" cap="44.00M" p2e="NA"  roe="-61.047" divperc="NA"  d2e="0.929"  p2b="0.409"  rqya="68.741" eqya="NA"/>
    <company name="FG" oneday="-2.512" cap="77.46B" p2e="28.546"  roe="23.148" divperc="NA"  d2e="0.084"  p2b="6.268"  rqya="2.468" eqya="233.333"/>
    <company name="FH" oneday="0.358" cap="35.17M" p2e="5.036"  roe="56.221" divperc="NA"  d2e="1.791"  p2b="1.791"  rqya="-13.305" eqya="NA"/>
    <company name="FI" oneday="5.128" cap="3.16B" p2e="NA"  roe="-110.316" divperc="NA"  d2e="1.578"  p2b="1.047"  rqya="-36.248" eqya="NA"/>
    <company name="FJ" oneday="-6.250" cap="0.83M" p2e="NA"  roe="-546.167" divperc="NA"  d2e="0.000"  p2b="0.816"  rqya="333.442" eqya="NA"/>
    <company name="FK" oneday="-5.882" cap="12.23M" p2e="NA"  roe="-305.531" divperc="NA"  d2e="0.668"  p2b="0.855"  rqya="-38.192" eqya="NA"/>
    <company name="FL" oneday="5.333" cap="51.07M" p2e="NA"  roe="-7.670" divperc="NA"  d2e="0.049"  p2b="1.659"  rqya="23.284" eqya="NA"/>
    <company name="FM" oneday="-10.000" cap="0.61M" p2e="NA"  roe="-320.591" divperc="NA"  d2e="0.000"  p2b="1.068"  rqya="-81.429" eqya="NA"/>
    <company name="FN" oneday="28.571" cap="12.71M" p2e="NA"  roe="-54.193" divperc="NA"  d2e="0.141"  p2b="0.993"  rqya="NA" eqya="NA"/>
    <company name="FO" oneday="36.667" cap="10.35M" p2e="NA"  roe="-147.497" divperc="NA"  d2e="0.325"  p2b="2.463"  rqya="-6.598" eqya="NA"/>
    <company name="FP" oneday="-7.754" cap="16.26M" p2e="16.176"  roe="49.589" divperc="NA"  d2e="0.523"  p2b="6.623"  rqya="29.343" eqya="NA"/>
    <company name="FQ" oneday="-4.403" cap="18.57M" p2e="NA"  roe="-62.351" divperc="NA"  d2e="0.005"  p2b="0.363"  rqya="-28.375" eqya="NA"/>
    <company name="FR" oneday="-4.688" cap="13.71M" p2e="NA"  roe="-28.432" divperc="NA"  d2e="0.819"  p2b="0.203"  rqya="-53.569" eqya="NA"/>
    <company name="FS" oneday="0.000" cap="5.29M" p2e="NA"  roe="-225.394" divperc="NA"  d2e="2.612"  p2b="0.464"  rqya="-67.935" eqya="NA"/>
    <company name="FT" oneday="0.000" cap="45.97M" p2e="38.571"  roe="0.164" divperc="NA"  d2e="0.015"  p2b="0.485"  rqya="-31.723" eqya="NA"/>
    <company name="FU" oneday="12.500" cap="3.67M" p2e="NA"  roe="-3553.756" divperc="NA"  d2e="NA"  p2b="NA"  rqya="-65.957" eqya="NA"/>
    <company name="FV" oneday="40.000" cap="2.53M" p2e="NA"  roe="NA" divperc="NA"  d2e="NA"  p2b="NA"  rqya="-90.842" eqya="NA"/>
    <company name="FW" oneday="-7.619" cap="117.26M" p2e="NA"  roe="-2.336" divperc="NA"  d2e="0.000"  p2b="1.061"  rqya="164.837" eqya="NA"/>
    <company name="FX" oneday="-12.821" cap="21.46M" p2e="NA"  roe="-13.821" divperc="NA"  d2e="0.092"  p2b="0.181"  rqya="-36.090" eqya="NA"/>
    <company name="FY" oneday="19.205" cap="3.92M" p2e="NA"  roe="-25.137" divperc="NA"  d2e="1.741"  p2b="1.503"  rqya="-2.229" eqya="NA"/>
    <company name="FZ" oneday="0.937" cap="642.82M" p2e="15.642"  roe="28.663" divperc="NA"  d2e="0.000"  p2b="4.205"  rqya="9.393" eqya="76.812"/>
    <company name="GA" oneday="0.906" cap="1.00B" p2e="NA"  roe="-3.663" divperc="NA"  d2e="0.000"  p2b="1.105"  rqya="28.597" eqya="-73.684"/>
    <company name="GB" oneday="-50.000" cap="0.40M" p2e="NA"  roe="NA" divperc="0.000"  d2e="NA"  p2b="NA"  rqya="-27.179" eqya="NA"/>
    <company name="GC" oneday="0.000" cap="0.40M" p2e="NA"  roe="NA" divperc="NA"  d2e="NA"  p2b="NA"  rqya="-27.179" eqya="NA"/>
    <company name="GD" oneday="8.642" cap="287.92M" p2e="61.972"  roe="1.405" divperc="NA"  d2e="0.002"  p2b="0.880"  rqya="41.185" eqya="NA"/>
    <company name="GE" oneday="50.000" cap="0.50M" p2e="NA"  roe="-18.724" divperc="NA"  d2e="0.017"  p2b="0.036"  rqya="-30.866" eqya="NA"/>
    <company name="GF" oneday="0.190" cap="28.72B" p2e="249.730"  roe="2.421" divperc="NA"  d2e="0.000"  p2b="5.476"  rqya="17.411" eqya="NA"/>
    <company name="GG" oneday="8.726" cap="102.44M" p2e="71.125"  roe="1.720" divperc="NA"  d2e="0.000"  p2b="1.125"  rqya="19.114" eqya="275.000"/>
    <company name="GH" oneday="7.407" cap="35.34M" p2e="NA"  roe="-3.180" divperc="NA"  d2e="0.002"  p2b="0.805"  rqya="-3.377" eqya="NA"/>
    <company name="GI" oneday="3.333" cap="49.45M" p2e="NA"  roe="-186.459" divperc="NA"  d2e="5.836"  p2b="0.568"  rqya="-52.955" eqya="NA"/>
    <company name="GJ" oneday="-12.000" cap="3.76M" p2e="NA"  roe="-11.058" divperc="NA"  d2e="0.778"  p2b="0.501"  rqya="-20.006" eqya="-100.000"/>
    <company name="GK" oneday="0.709" cap="129.18M" p2e="NA"  roe="-23.814" divperc="NA"  d2e="0.000"  p2b="0.488"  rqya="-11.431" eqya="NA"/>
    <company name="GL" oneday="-20.000" cap="0.10M" p2e="NA"  roe="-122.684" divperc="NA"  d2e="0.012"  p2b="0.014"  rqya="-63.839" eqya="NA"/>
    <company name="GM" oneday="0.000" cap="7.39M" p2e="NA"  roe="-5.578" divperc="NA"  d2e="0.000"  p2b="0.390"  rqya="-54.908" eqya="NA"/>
    <company name="GN" oneday="0.614" cap="138.18M" p2e="NA"  roe="-7.998" divperc="NA"  d2e="0.000"  p2b="3.248"  rqya="116.667" eqya="NA"/>
    <company name="GO" oneday="5.856" cap="7.22M" p2e="NA"  roe="-0.275" divperc="NA"  d2e="0.212"  p2b="0.093"  rqya="-12.605" eqya="NA"/>
    <company name="GP" oneday="25.000" cap="2.04M" p2e="NA"  roe="NA" divperc="NA"  d2e="NA"  p2b="NA"  rqya="3.911" eqya="NA"/>
    <company name="GQ" oneday="-1.177" cap="1.81B" p2e="23.690"  roe="5.569" divperc="0.340"  d2e="0.007"  p2b="1.281"  rqya="-24.018" eqya="-69.828"/>
    <company name="GR" oneday="15.546" cap="44.51M" p2e="NA"  roe="-62.954" divperc="NA"  d2e="0.030"  p2b="0.956"  rqya="0.639" eqya="NA"/>
    <company name="GS" oneday="26.667" cap="3.21M" p2e="NA"  roe="-971.304" divperc="NA"  d2e="NA"  p2b="NA"  rqya="-31.876" eqya="NA"/>
    <company name="GT" oneday="-17.568" cap="14.15M" p2e="NA"  roe="-53.533" divperc="NA"  d2e="1.040"  p2b="0.128"  rqya="7.778" eqya="NA"/>
    <company name="GU" oneday="-1.220" cap="19.51M" p2e="NA"  roe="-29.547" divperc="NA"  d2e="0.347"  p2b="1.558"  rqya="61.631" eqya="NA"/>
    <company name="GV" oneday="-4.412" cap="95.17M" p2e="7.617"  roe="9.653" divperc="NA"  d2e="0.000"  p2b="0.694"  rqya="-18.112" eqya="-77.778"/>
    <company name="GW" oneday="-6.068" cap="185.89M" p2e="NA"  roe="-1.994" divperc="NA"  d2e="0.000"  p2b="0.416"  rqya="-12.067" eqya="NA"/>
    <company name="GX" oneday="0.000" cap="51.28M" p2e="NA"  roe="-75.895" divperc="NA"  d2e="0.236"  p2b="0.730"  rqya="-81.520" eqya="NA"/>
    <company name="GY" oneday="-5.882" cap="2.46M" p2e="NA"  roe="-407.627" divperc="NA"  d2e="NA"  p2b="NA"  rqya="-34.996" eqya="NA"/>
    <company name="GZ" oneday="1.324" cap="131.19M" p2e="28.354"  roe="8.402" divperc="NA"  d2e="0.000"  p2b="2.317"  rqya="0.710" eqya="-25.234"/>
    <company name="HA" oneday="-4.348" cap="25.25M" p2e="NA"  roe="-19.353" divperc="NA"  d2e="0.000"  p2b="0.259"  rqya="-38.187" eqya="NA"/>
    <company name="HB" oneday="0.000" cap="0.54M" p2e="NA"  roe="NA" divperc="NA"  d2e="1.928"  p2b="NA"  rqya="-65.874" eqya="NA"/>
    <company name="HC" oneday="15.385" cap="2.17M" p2e="NA"  roe="-40.415" divperc="NA"  d2e="1.563"  p2b="0.407"  rqya="-43.552" eqya="NA"/>
    <company name="HD" oneday="8.523" cap="11.89M" p2e="NA"  roe="-48.920" divperc="NA"  d2e="0.281"  p2b="0.376"  rqya="-5.651" eqya="NA"/>
    <company name="HE" oneday="-2.685" cap="119.67M" p2e="NA"  roe="-52.271" divperc="NA"  d2e="0.000"  p2b="0.837"  rqya="-13.692" eqya="NA"/>
    <company name="HF" oneday="0.000" cap="10.16M" p2e="9.291"  roe="8.581" divperc="NA"  d2e="0.000"  p2b="0.750"  rqya="32.166" eqya="NA"/>
    <company name="HG" oneday="6.122" cap="711.57M" p2e="NA"  roe="-32.741" divperc="NA"  d2e="0.000"  p2b="0.651"  rqya="-83.188" eqya="NA"/>
    <company name="HH" oneday="-10.714" cap="2.84M" p2e="NA"  roe="-192.495" divperc="NA"  d2e="14.409"  p2b="20.746"  rqya="-13.771" eqya="NA"/>
    <company name="HI" oneday="0.000" cap="0.40M" p2e="NA"  roe="-39.217" divperc="NA"  d2e="0.000"  p2b="0.252"  rqya="104.724" eqya="NA"/>
    <company name="HJ" oneday="9.512" cap="528.43M" p2e="282.258"  roe="0.780" divperc="NA"  d2e="0.484"  p2b="2.048"  rqya="13.177" eqya="NA"/>
    <company name="HK" oneday="10.526" cap="3.51M" p2e="NA"  roe="-91.170" divperc="NA"  d2e="0.160"  p2b="0.201"  rqya="-99.174" eqya="NA"/>
    <company name="HL" oneday="0.000" cap="1.85M" p2e="NA"  roe="NA" divperc="NA"  d2e="NA"  p2b="NA"  rqya="-21.429" eqya="NA"/>
    <company name="HM" oneday="-6.250" cap="2.12M" p2e="NA"  roe="-495.044" divperc="NA"  d2e="5.266"  p2b="2.613"  rqya="-45.716" eqya="NA"/>
    <company name="HN" oneday="-1.887" cap="2.57B" p2e="NA"  roe="-12.430" divperc="NA"  d2e="0.000"  p2b="1.061"  rqya="-35.723" eqya="NA"/>
    <company name="HO" oneday="-7.317" cap="42.81M" p2e="NA"  roe="-82.125" divperc="NA"  d2e="0.033"  p2b="0.155"  rqya="-89.893" eqya="NA"/>
    <company name="HP" oneday="-5.000" cap="0.80M" p2e="NA"  roe="NA" divperc="NA"  d2e="NA"  p2b="NA"  rqya="NA" eqya="NA"/>
    <company name="HQ" oneday="133.333" cap="0.96M" p2e="NA"  roe="-692.865" divperc="NA"  d2e="0.283"  p2b="NA"  rqya="6.699" eqya="NA"/>
    <company name="HR" oneday="15.385" cap="1.65M" p2e="NA"  roe="-723.463" divperc="NA"  d2e="10.865"  p2b="1.298"  rqya="-35.489" eqya="-58.993"/>
    <company name="HS" oneday="3.865" cap="27.69M" p2e="NA"  roe="-4.458" divperc="NA"  d2e="0.081"  p2b="0.593"  rqya="-44.872" eqya="NA"/>
    <company name="HT" oneday="0.000" cap="0.62M" p2e="NA"  roe="NA" divperc="NA"  d2e="NA"  p2b="NA"  rqya="15.070" eqya="NA"/>
    <company name="HU" oneday="33.333" cap="14.25M" p2e="NA"  roe="-377.784" divperc="NA"  d2e="6.014"  p2b="12.738"  rqya="-12.315" eqya="NA"/>
    <company name="HV" oneday="5.882" cap="183.40M" p2e="NA"  roe="-39.361" divperc="NA"  d2e="0.614"  p2b="1.053"  rqya="-65.912" eqya="NA"/>
    <company name="HW" oneday="-1.327" cap="43.65M" p2e="8.815"  roe="9.917" divperc="NA"  d2e="0.122"  p2b="0.820"  rqya="13.436" eqya="30.808"/>
    <company name="HX" oneday="0.339" cap="120.49M" p2e="24.356"  roe="3.487" divperc="NA"  d2e="0.000"  p2b="0.829"  rqya="-13.007" eqya="-86.164"/>
    <company name="HY" oneday="4.453" cap="169.65M" p2e="NA"  roe="-8.245" divperc="NA"  d2e="0.000"  p2b="0.754"  rqya="47.354" eqya="NA"/>
    <company name="HZ" oneday="1.385" cap="10.86M" p2e="NA"  roe="-102.244" divperc="NA"  d2e="0.000"  p2b="0.229"  rqya="-7.641" eqya="NA"/>
    <company name="IA" oneday="0.000" cap="114.20M" p2e="6.458"  roe="19.864" divperc="NA"  d2e="0.184"  p2b="1.086"  rqya="0.153" eqya="74.939"/>
    <company name="IB" oneday="-21.875" cap="1.82M" p2e="NA"  roe="-54.125" divperc="NA"  d2e="0.215"  p2b="0.232"  rqya="-45.461" eqya="NA"/>
    <company name="IC" oneday="-9.000" cap="13.65M" p2e="NA"  roe="-66.669" divperc="NA"  d2e="0.428"  p2b="1.126"  rqya="57.816" eqya="NA"/>
    <company name="ID" oneday="50.000" cap="0.91M" p2e="NA"  roe="NA" divperc="NA"  d2e="NA"  p2b="NA"  rqya="1334.091" eqya="NA"/>
    <company name="IE" oneday="-2.860" cap="220.81M" p2e="NA"  roe="-1.302" divperc="NA"  d2e="0.096"  p2b="1.155"  rqya="-12.227" eqya="NA"/>
    <company name="IF" oneday="-25.000" cap="0.42M" p2e="NA"  roe="NA" divperc="NA"  d2e="NA"  p2b="NA"  rqya="-25.087" eqya="NA"/>
    <company name="IG" oneday="0.000" cap="5.20M" p2e="NA"  roe="NA" divperc="NA"  d2e="NA"  p2b="NA"  rqya="6.353" eqya="NA"/>
    <company name="IH" oneday="5.556" cap="11.78M" p2e="NA"  roe="-150.847" divperc="NA"  d2e="0.157"  p2b="0.617"  rqya="-53.613" eqya="NA"/>
    <company name="II" oneday="-2.273" cap="7.48M" p2e="9.399"  roe="7.602" divperc="NA"  d2e="0.000"  p2b="0.705"  rqya="9.075" eqya="-18.333"/>
    <company name="IJ" oneday="1.366" cap="28.71M" p2e="NA"  roe="-22.336" divperc="NA"  d2e="0.011"  p2b="0.383"  rqya="-13.740" eqya="NA"/>
    <company name="IK" oneday="7.914" cap="644.11M" p2e="28.386"  roe="19.517" divperc="NA"  d2e="0.004"  p2b="4.792"  rqya="84.376" eqya="1225.000"/>
    <company name="IL" oneday="2.222" cap="10.52M" p2e="NA"  roe="-146.999" divperc="NA"  d2e="0.011"  p2b="1.200"  rqya="-5.176" eqya="NA"/>
    <company name="IM" oneday="5.882" cap="10.98M" p2e="10.588"  roe="7.216" divperc="NA"  d2e="0.001"  p2b="0.732"  rqya="17.260" eqya="NA"/>
    <company name="IN" oneday="13.934" cap="90.24M" p2e="NA"  roe="-151.083" divperc="NA"  d2e="1.495"  p2b="2.460"  rqya="-21.317" eqya="NA"/>
    <company name="IO" oneday="0.000" cap="62.75M" p2e="NA"  roe="-40.950" divperc="NA"  d2e="0.000"  p2b="0.692"  rqya="-40.160" eqya="NA"/>
    <company name="IP" oneday="0.000" cap="13.54M" p2e="NA"  roe="0.000" divperc="NA"  d2e="0.059"  p2b="38.246"  rqya="NA" eqya="NA"/>
    <company name="IQ" oneday="-2.439" cap="11.52M" p2e="9.091"  roe="4.043" divperc="NA"  d2e="0.490"  p2b="0.360"  rqya="-38.905" eqya="-87.000"/>
    <company name="IR" oneday="9.615" cap="4.48M" p2e="NA"  roe="-77.728" divperc="NA"  d2e="0.420"  p2b="0.325"  rqya="-10.132" eqya="NA"/>
  </industry>
</data>
