<!-- * X_LZ_COPYRIGHT_BEGIN ***************************************************
* Copyright 2001-2004 Laszlo Systems, Inc.  All Rights Reserved.              *
* Use is subject to license terms.                                            *
* X_LZ_COPYRIGHT_END ****************************************************** -->
<ds>
    <item value="item1" >item 0</item>
    <item value="item1" >item 1</item>
    <item value="item2" >item 2</item>
    <item value="item3" >item 3</item>
    <item value="item4" >item 4</item>
    <item value="item5" >item 5</item>
    <item value="item6" >item 6</item>
    <item value="item7" >item 7</item>
    <item value="item8" >item 8</item>
    <item value="item9" >item 9</item>
    <item value="item10" >item 10</item>
    <item value="item11" >item 11</item>
</ds>